<?xml version="1.0" encoding="UTF-8"?>
<testsuite name="RecipesApplicationTest" tests="1" skipped="0" failures="0" errors="0" timestamp="2022-08-05T20:15:19" hostname="USER-PC" time="16.787">
  <properties/>
  <testcase name="start" classname="RecipesApplicationTest" time="16.787"/>
  <system-out><![CDATA[?[1;31m
Start test 1?[0m

  .   ____          _            __ _ _
 /\\ / ___'_ __ _ _(_)_ __  __ _ \ \ \ \
( ( )\___ | '_ | '_| | '_ \/ _` | \ \ \ \
 \\/  ___)| |_)| | | | | || (_| |  ) ) ) )
  '  |____| .__|_| |_|_| |_\__, | / / / /
 =========|_|==============|___/=/_/_/_/
 :: Spring Boot ::                (v2.5.6)

2022-08-05 23:15:19.935  INFO 3784 --- [    Test worker] recipes.RecipesApplication               : Starting RecipesApplication using Java 17.0.4 on User-PC with PID 3784 (started by User in D:\jav\springCourseMVC\Recipes\Recipes\task)
2022-08-05 23:15:19.938  INFO 3784 --- [    Test worker] recipes.RecipesApplication               : No active profile set, falling back to default profiles: default
2022-08-05 23:15:20.886  INFO 3784 --- [    Test worker] .s.d.r.c.RepositoryConfigurationDelegate : Bootstrapping Spring Data JPA repositories in DEFAULT mode.
2022-08-05 23:15:20.950  INFO 3784 --- [    Test worker] .s.d.r.c.RepositoryConfigurationDelegate : Finished Spring Data repository scanning in 54 ms. Found 2 JPA repository interfaces.
2022-08-05 23:15:21.616  INFO 3784 --- [    Test worker] o.s.b.w.embedded.tomcat.TomcatWebServer  : Tomcat initialized with port(s): 8881 (http)
2022-08-05 23:15:21.630  INFO 3784 --- [    Test worker] o.apache.catalina.core.StandardService   : Starting service [Tomcat]
2022-08-05 23:15:21.630  INFO 3784 --- [    Test worker] org.apache.catalina.core.StandardEngine  : Starting Servlet engine: [Apache Tomcat/9.0.54]
2022-08-05 23:15:21.750  INFO 3784 --- [    Test worker] o.a.c.c.C.[Tomcat].[localhost].[/]       : Initializing Spring embedded WebApplicationContext
2022-08-05 23:15:21.751  INFO 3784 --- [    Test worker] w.s.c.ServletWebServerApplicationContext : Root WebApplicationContext: initialization completed in 1767 ms
2022-08-05 23:15:22.126  INFO 3784 --- [    Test worker] o.hibernate.jpa.internal.util.LogHelper  : HHH000204: Processing PersistenceUnitInfo [name: default]
2022-08-05 23:15:22.200  INFO 3784 --- [    Test worker] org.hibernate.Version                    : HHH000412: Hibernate ORM core version 5.4.32.Final
2022-08-05 23:15:22.365  INFO 3784 --- [    Test worker] o.hibernate.annotations.common.Version   : HCANN000001: Hibernate Commons Annotations {5.1.2.Final}
2022-08-05 23:15:22.507  INFO 3784 --- [    Test worker] com.zaxxer.hikari.HikariDataSource       : HikariPool-1 - Starting...
2022-08-05 23:15:22.688  INFO 3784 --- [    Test worker] com.zaxxer.hikari.HikariDataSource       : HikariPool-1 - Start completed.
2022-08-05 23:15:22.716  INFO 3784 --- [    Test worker] org.hibernate.dialect.Dialect            : HHH000400: Using dialect: org.hibernate.dialect.PostgreSQL10Dialect
Hibernate: create table directions (id int8 not null, directions varchar(255))
Hibernate: create table ingredients (id int8 not null, ingredients varchar(255))
Hibernate: create table recipes (id int8 generated by default as identity, category varchar(255), date varchar(255), description varchar(255), name varchar(255), user_id int8 not null, primary key (id))
Hibernate: create table user_access (id int8 generated by default as identity, email varchar(255), password varchar(255), role varchar(255), primary key (id))
Hibernate: alter table if exists directions add constraint FKj5xwem4qf85ujgjx8mltasfa foreign key (id) references recipes
Hibernate: alter table if exists ingredients add constraint FK2p7rdrycbngonllhml7nw52li foreign key (id) references recipes
Hibernate: alter table if exists recipes add constraint FK60yvxb6etbo7q9s63lrqiivs9 foreign key (user_id) references user_access
2022-08-05 23:15:23.500  INFO 3784 --- [    Test worker] o.h.e.t.j.p.i.JtaPlatformInitiator       : HHH000490: Using JtaPlatform implementation: [org.hibernate.engine.transaction.jta.platform.internal.NoJtaPlatform]
2022-08-05 23:15:23.507  INFO 3784 --- [    Test worker] j.LocalContainerEntityManagerFactoryBean : Initialized JPA EntityManagerFactory for persistence unit 'default'
2022-08-05 23:15:24.597  INFO 3784 --- [    Test worker] o.s.b.a.e.web.EndpointLinksResolver      : Exposing 14 endpoint(s) beneath base path '/actuator'
2022-08-05 23:15:24.662  INFO 3784 --- [    Test worker] o.s.s.web.DefaultSecurityFilterChain     : Will secure any request with [org.springframework.security.web.context.request.async.WebAsyncManagerIntegrationFilter@69c335c4, org.springframework.security.web.context.SecurityContextPersistenceFilter@71f86562, org.springframework.security.web.header.HeaderWriterFilter@62536882, org.springframework.security.web.authentication.logout.LogoutFilter@7fba30fe, org.springframework.security.web.authentication.www.BasicAuthenticationFilter@1a4564a2, org.springframework.security.web.savedrequest.RequestCacheAwareFilter@14f254f, org.springframework.security.web.servletapi.SecurityContextHolderAwareRequestFilter@2e2546bf, org.springframework.security.web.authentication.AnonymousAuthenticationFilter@6f09cb98, org.springframework.security.web.session.SessionManagementFilter@48a2b492, org.springframework.security.web.access.ExceptionTranslationFilter@655b9169, org.springframework.security.web.access.intercept.FilterSecurityInterceptor@69cc3370]
2022-08-05 23:15:24.942  INFO 3784 --- [    Test worker] o.s.b.w.embedded.tomcat.TomcatWebServer  : Tomcat started on port(s): 8881 (http) with context path ''
2022-08-05 23:15:24.960  INFO 3784 --- [    Test worker] recipes.RecipesApplication               : Started RecipesApplication in 5.401 seconds (JVM running for 6.201)
2022-08-05 23:15:25.279  INFO 3784 --- [nio-8881-exec-1] o.a.c.c.C.[Tomcat].[localhost].[/]       : Initializing Spring DispatcherServlet 'dispatcherServlet'
2022-08-05 23:15:25.280  INFO 3784 --- [nio-8881-exec-1] o.s.web.servlet.DispatcherServlet        : Initializing Servlet 'dispatcherServlet'
2022-08-05 23:15:25.281  INFO 3784 --- [nio-8881-exec-1] o.s.web.servlet.DispatcherServlet        : Completed initialization in 1 ms
Hibernate: select user0_.id as id1_3_, user0_.email as email2_3_, user0_.password as password3_3_, user0_.role as role4_3_ from user_access user0_ where upper(user0_.email)=upper(?)
Hibernate: insert into user_access (email, password, role) values (?, ?, ?)
?[1;31m
Start test 2?[0m
Hibernate: select user0_.id as id1_3_, user0_.email as email2_3_, user0_.password as password3_3_, user0_.role as role4_3_ from user_access user0_ where upper(user0_.email)=upper(?)
?[1;31m
Start test 3?[0m
Hibernate: select user0_.id as id1_3_, user0_.email as email2_3_, user0_.password as password3_3_, user0_.role as role4_3_ from user_access user0_ where upper(user0_.email)=upper(?)
Hibernate: insert into user_access (email, password, role) values (?, ?, ?)
?[1;31m
Start test 4?[0m
Hibernate: select user0_.id as id1_3_, user0_.email as email2_3_, user0_.password as password3_3_, user0_.role as role4_3_ from user_access user0_ where upper(user0_.email)=upper(?)
Hibernate: insert into user_access (email, password, role) values (?, ?, ?)
?[1;31m
Start test 5?[0m
2022-08-05 23:15:25.841  WARN 3784 --- [nio-8881-exec-5] .w.s.m.s.DefaultHandlerExceptionResolver : Resolved [org.springframework.web.bind.MethodArgumentNotValidException: Validation failed for argument [0] in public org.springframework.http.ResponseEntity<?> recipes.controller.RegisterController.registerPoint(recipes.model.User): [Field error in object 'user' on field 'email': rejected value [Test3@testcom]; codes [Pattern.user.email,Pattern.email,Pattern.java.lang.String,Pattern]; arguments [org.springframework.context.support.DefaultMessageSourceResolvable: codes [user.email,email]; arguments []; default message [email],[Ljavax.validation.constraints.Pattern$Flag;@49d0c6df,.+@{1}.+\..+]; default message [must match ".+@{1}.+\..+"]] ]
?[1;31m
Start test 6?[0m
2022-08-05 23:15:25.877  WARN 3784 --- [nio-8881-exec-6] .w.s.m.s.DefaultHandlerExceptionResolver : Resolved [org.springframework.web.bind.MethodArgumentNotValidException: Validation failed for argument [0] in public org.springframework.http.ResponseEntity<?> recipes.controller.RegisterController.registerPoint(recipes.model.User) with 2 errors: [Field error in object 'user' on field 'email': rejected value [Test4test.com]; codes [Pattern.user.email,Pattern.email,Pattern.java.lang.String,Pattern]; arguments [org.springframework.context.support.DefaultMessageSourceResolvable: codes [user.email,email]; arguments []; default message [email],[Ljavax.validation.constraints.Pattern$Flag;@49d0c6df,.+@{1}.+\..+]; default message [must match ".+@{1}.+\..+"]] [Field error in object 'user' on field 'email': rejected value [Test4test.com]; codes [Email.user.email,Email.email,Email.java.lang.String,Email]; arguments [org.springframework.context.support.DefaultMessageSourceResolvable: codes [user.email,email]; arguments []; default message [email],[Ljavax.validation.constraints.Pattern$Flag;@4c9b4814,.*]; default message [must be a well-formed email address]] ]
?[1;31m
Start test 7?[0m
2022-08-05 23:15:25.894  WARN 3784 --- [nio-8881-exec-7] .w.s.m.s.DefaultHandlerExceptionResolver : Resolved [org.springframework.web.bind.MethodArgumentNotValidException: Validation failed for argument [0] in public org.springframework.http.ResponseEntity<?> recipes.controller.RegisterController.registerPoint(recipes.model.User): [Field error in object 'user' on field 'password': rejected value [Test555]; codes [Size.user.password,Size.password,Size.java.lang.String,Size]; arguments [org.springframework.context.support.DefaultMessageSourceResolvable: codes [user.password,password]; arguments []; default message [password],2147483647,8]; default message [size must be between 8 and 2147483647]] ]
?[1;31m
Start test 8?[0m
Hibernate: select user0_.id as id1_3_, user0_.email as email2_3_, user0_.password as password3_3_, user0_.role as role4_3_ from user_access user0_ where upper(user0_.email)=upper(?)
?[1;31m
Start test 9?[0m
Hibernate: select user0_.id as id1_3_, user0_.email as email2_3_, user0_.password as password3_3_, user0_.role as role4_3_ from user_access user0_ where user0_.email=?
Hibernate: insert into recipes (category, date, description, name, user_id) values (?, ?, ?, ?, ?)
Hibernate: insert into directions (id, directions) values (?, ?)
Hibernate: insert into directions (id, directions) values (?, ?)
Hibernate: insert into directions (id, directions) values (?, ?)
Hibernate: insert into directions (id, directions) values (?, ?)
Hibernate: insert into directions (id, directions) values (?, ?)
Hibernate: insert into ingredients (id, ingredients) values (?, ?)
Hibernate: insert into ingredients (id, ingredients) values (?, ?)
Hibernate: insert into ingredients (id, ingredients) values (?, ?)
?[1;31m
Start test 10?[0m
Hibernate: select user0_.id as id1_3_, user0_.email as email2_3_, user0_.password as password3_3_, user0_.role as role4_3_ from user_access user0_ where user0_.email=?
Hibernate: insert into recipes (category, date, description, name, user_id) values (?, ?, ?, ?, ?)
Hibernate: insert into directions (id, directions) values (?, ?)
Hibernate: insert into directions (id, directions) values (?, ?)
Hibernate: insert into directions (id, directions) values (?, ?)
Hibernate: insert into ingredients (id, ingredients) values (?, ?)
Hibernate: insert into ingredients (id, ingredients) values (?, ?)
Hibernate: insert into ingredients (id, ingredients) values (?, ?)
?[1;31m
Start test 11?[0m
Hibernate: select user0_.id as id1_3_, user0_.email as email2_3_, user0_.password as password3_3_, user0_.role as role4_3_ from user_access user0_ where user0_.email=?
Hibernate: select recipe0_.id as id1_2_0_, recipe0_.category as category2_2_0_, recipe0_.date as date3_2_0_, recipe0_.description as descript4_2_0_, recipe0_.name as name5_2_0_, recipe0_.user_id as user_id6_2_0_, user1_.id as id1_3_1_, user1_.email as email2_3_1_, user1_.password as password3_3_1_, user1_.role as role4_3_1_ from recipes recipe0_ inner join user_access user1_ on recipe0_.user_id=user1_.id where recipe0_.id=?
Hibernate: select ingredient0_.id as id1_1_0_, ingredient0_.ingredients as ingredie2_1_0_ from ingredients ingredient0_ where ingredient0_.id=?
Hibernate: select directions0_.id as id1_0_0_, directions0_.directions as directio2_0_0_ from directions directions0_ where directions0_.id=?
?[1;31m
Start test 12?[0m
Hibernate: select user0_.id as id1_3_, user0_.email as email2_3_, user0_.password as password3_3_, user0_.role as role4_3_ from user_access user0_ where user0_.email=?
Hibernate: select recipe0_.id as id1_2_0_, recipe0_.category as category2_2_0_, recipe0_.date as date3_2_0_, recipe0_.description as descript4_2_0_, recipe0_.name as name5_2_0_, recipe0_.user_id as user_id6_2_0_, user1_.id as id1_3_1_, user1_.email as email2_3_1_, user1_.password as password3_3_1_, user1_.role as role4_3_1_ from recipes recipe0_ inner join user_access user1_ on recipe0_.user_id=user1_.id where recipe0_.id=?
Hibernate: select ingredient0_.id as id1_1_0_, ingredient0_.ingredients as ingredie2_1_0_ from ingredients ingredient0_ where ingredient0_.id=?
Hibernate: select directions0_.id as id1_0_0_, directions0_.directions as directio2_0_0_ from directions directions0_ where directions0_.id=?
?[1;31m
Start test 13?[0m
2022-08-05 23:15:27.012  INFO 3784 --- [       Thread-4] j.LocalContainerEntityManagerFactoryBean : Closing JPA EntityManagerFactory for persistence unit 'default'
2022-08-05 23:15:27.013  INFO 3784 --- [       Thread-4] com.zaxxer.hikari.HikariDataSource       : HikariPool-1 - Shutdown initiated...
2022-08-05 23:15:27.018  INFO 3784 --- [       Thread-4] com.zaxxer.hikari.HikariDataSource       : HikariPool-1 - Shutdown completed.

  .   ____          _            __ _ _
 /\\ / ___'_ __ _ _(_)_ __  __ _ \ \ \ \
( ( )\___ | '_ | '_| | '_ \/ _` | \ \ \ \
 \\/  ___)| |_)| | | | | || (_| |  ) ) ) )
  '  |____| .__|_| |_|_| |_\__, | / / / /
 =========|_|==============|___/=/_/_/_/
 :: Spring Boot ::                (v2.5.6)

2022-08-05 23:15:27.070  INFO 3784 --- [    Test worker] recipes.RecipesApplication               : Starting RecipesApplication using Java 17.0.4 on User-PC with PID 3784 (started by User in D:\jav\springCourseMVC\Recipes\Recipes\task)
2022-08-05 23:15:27.070  INFO 3784 --- [    Test worker] recipes.RecipesApplication               : No active profile set, falling back to default profiles: default
2022-08-05 23:15:27.361  INFO 3784 --- [    Test worker] .s.d.r.c.RepositoryConfigurationDelegate : Bootstrapping Spring Data JPA repositories in DEFAULT mode.
2022-08-05 23:15:27.376  INFO 3784 --- [    Test worker] .s.d.r.c.RepositoryConfigurationDelegate : Finished Spring Data repository scanning in 14 ms. Found 2 JPA repository interfaces.
2022-08-05 23:15:27.461  INFO 3784 --- [    Test worker] o.s.b.w.embedded.tomcat.TomcatWebServer  : Tomcat initialized with port(s): 8881 (http)
2022-08-05 23:15:27.462  INFO 3784 --- [    Test worker] o.apache.catalina.core.StandardService   : Starting service [Tomcat]
2022-08-05 23:15:27.462  INFO 3784 --- [    Test worker] org.apache.catalina.core.StandardEngine  : Starting Servlet engine: [Apache Tomcat/9.0.54]
2022-08-05 23:15:27.488  INFO 3784 --- [    Test worker] o.a.c.c.C.[Tomcat].[localhost].[/]       : Initializing Spring embedded WebApplicationContext
2022-08-05 23:15:27.489  INFO 3784 --- [    Test worker] w.s.c.ServletWebServerApplicationContext : Root WebApplicationContext: initialization completed in 415 ms
2022-08-05 23:15:27.576  INFO 3784 --- [    Test worker] o.hibernate.jpa.internal.util.LogHelper  : HHH000204: Processing PersistenceUnitInfo [name: default]
2022-08-05 23:15:27.583  INFO 3784 --- [    Test worker] com.zaxxer.hikari.HikariDataSource       : HikariPool-2 - Starting...
2022-08-05 23:15:27.623  INFO 3784 --- [    Test worker] com.zaxxer.hikari.HikariDataSource       : HikariPool-2 - Start completed.
2022-08-05 23:15:27.624  INFO 3784 --- [    Test worker] org.hibernate.dialect.Dialect            : HHH000400: Using dialect: org.hibernate.dialect.PostgreSQL10Dialect
2022-08-05 23:15:27.797  INFO 3784 --- [    Test worker] o.h.e.t.j.p.i.JtaPlatformInitiator       : HHH000490: Using JtaPlatform implementation: [org.hibernate.engine.transaction.jta.platform.internal.NoJtaPlatform]
2022-08-05 23:15:27.798  INFO 3784 --- [    Test worker] j.LocalContainerEntityManagerFactoryBean : Initialized JPA EntityManagerFactory for persistence unit 'default'
2022-08-05 23:15:28.049  INFO 3784 --- [    Test worker] o.s.b.a.e.web.EndpointLinksResolver      : Exposing 14 endpoint(s) beneath base path '/actuator'
2022-08-05 23:15:28.060  INFO 3784 --- [    Test worker] o.s.s.web.DefaultSecurityFilterChain     : Will secure any request with [org.springframework.security.web.context.request.async.WebAsyncManagerIntegrationFilter@6bca3b27, org.springframework.security.web.context.SecurityContextPersistenceFilter@441a2d52, org.springframework.security.web.header.HeaderWriterFilter@14bb16ee, org.springframework.security.web.authentication.logout.LogoutFilter@598f065f, org.springframework.security.web.authentication.www.BasicAuthenticationFilter@27215154, org.springframework.security.web.savedrequest.RequestCacheAwareFilter@204b1903, org.springframework.security.web.servletapi.SecurityContextHolderAwareRequestFilter@6c8b6782, org.springframework.security.web.authentication.AnonymousAuthenticationFilter@25bd8eab, org.springframework.security.web.session.SessionManagementFilter@5acf51d7, org.springframework.security.web.access.ExceptionTranslationFilter@3e3b41cb, org.springframework.security.web.access.intercept.FilterSecurityInterceptor@25a2a71d]
2022-08-05 23:15:28.151  INFO 3784 --- [    Test worker] o.s.b.w.embedded.tomcat.TomcatWebServer  : Tomcat started on port(s): 8881 (http) with context path ''
2022-08-05 23:15:28.156  INFO 3784 --- [    Test worker] recipes.RecipesApplication               : Started RecipesApplication in 1.119 seconds (JVM running for 9.397)
?[1;31m
Start test 14?[0m
2022-08-05 23:15:28.167  INFO 3784 --- [nio-8881-exec-1] o.a.c.c.C.[Tomcat].[localhost].[/]       : Initializing Spring DispatcherServlet 'dispatcherServlet'
2022-08-05 23:15:28.167  INFO 3784 --- [nio-8881-exec-1] o.s.web.servlet.DispatcherServlet        : Initializing Servlet 'dispatcherServlet'
2022-08-05 23:15:28.169  INFO 3784 --- [nio-8881-exec-1] o.s.web.servlet.DispatcherServlet        : Completed initialization in 2 ms
Hibernate: select user0_.id as id1_3_, user0_.email as email2_3_, user0_.password as password3_3_, user0_.role as role4_3_ from user_access user0_ where user0_.email=?
Hibernate: select recipe0_.id as id1_2_0_, recipe0_.category as category2_2_0_, recipe0_.date as date3_2_0_, recipe0_.description as descript4_2_0_, recipe0_.name as name5_2_0_, recipe0_.user_id as user_id6_2_0_, user1_.id as id1_3_1_, user1_.email as email2_3_1_, user1_.password as password3_3_1_, user1_.role as role4_3_1_ from recipes recipe0_ inner join user_access user1_ on recipe0_.user_id=user1_.id where recipe0_.id=?
Hibernate: select ingredient0_.id as id1_1_0_, ingredient0_.ingredients as ingredie2_1_0_ from ingredients ingredient0_ where ingredient0_.id=?
Hibernate: select directions0_.id as id1_0_0_, directions0_.directions as directio2_0_0_ from directions directions0_ where directions0_.id=?
?[1;31m
Start test 15?[0m
Hibernate: select user0_.id as id1_3_, user0_.email as email2_3_, user0_.password as password3_3_, user0_.role as role4_3_ from user_access user0_ where user0_.email=?
Hibernate: select recipe0_.id as id1_2_0_, recipe0_.category as category2_2_0_, recipe0_.date as date3_2_0_, recipe0_.description as descript4_2_0_, recipe0_.name as name5_2_0_, recipe0_.user_id as user_id6_2_0_, user1_.id as id1_3_1_, user1_.email as email2_3_1_, user1_.password as password3_3_1_, user1_.role as role4_3_1_ from recipes recipe0_ inner join user_access user1_ on recipe0_.user_id=user1_.id where recipe0_.id=?
Hibernate: select ingredient0_.id as id1_1_0_, ingredient0_.ingredients as ingredie2_1_0_ from ingredients ingredient0_ where ingredient0_.id=?
Hibernate: select directions0_.id as id1_0_0_, directions0_.directions as directio2_0_0_ from directions directions0_ where directions0_.id=?
?[1;31m
Start test 16?[0m
Hibernate: select user0_.id as id1_3_, user0_.email as email2_3_, user0_.password as password3_3_, user0_.role as role4_3_ from user_access user0_ where user0_.email=?
Hibernate: select recipe0_.id as id1_2_0_, recipe0_.category as category2_2_0_, recipe0_.date as date3_2_0_, recipe0_.description as descript4_2_0_, recipe0_.name as name5_2_0_, recipe0_.user_id as user_id6_2_0_, user1_.id as id1_3_1_, user1_.email as email2_3_1_, user1_.password as password3_3_1_, user1_.role as role4_3_1_ from recipes recipe0_ inner join user_access user1_ on recipe0_.user_id=user1_.id where recipe0_.id=?
Hibernate: select recipe0_.user_id as col_0_0_ from recipes recipe0_ where recipe0_.id=?
Hibernate: select directions0_.id as id1_0_0_, directions0_.directions as directio2_0_0_ from directions directions0_ where directions0_.id=?
Hibernate: select ingredient0_.id as id1_1_0_, ingredient0_.ingredients as ingredie2_1_0_ from ingredients ingredient0_ where ingredient0_.id=?
Hibernate: update recipes set category=?, date=?, description=?, name=?, user_id=? where id=?
Hibernate: delete from directions where id=?
Hibernate: insert into directions (id, directions) values (?, ?)
Hibernate: insert into directions (id, directions) values (?, ?)
Hibernate: insert into directions (id, directions) values (?, ?)
Hibernate: delete from ingredients where id=?
Hibernate: insert into ingredients (id, ingredients) values (?, ?)
Hibernate: insert into ingredients (id, ingredients) values (?, ?)
Hibernate: insert into ingredients (id, ingredients) values (?, ?)
?[1;31m
Start test 17?[0m
Hibernate: select user0_.id as id1_3_, user0_.email as email2_3_, user0_.password as password3_3_, user0_.role as role4_3_ from user_access user0_ where user0_.email=?
Hibernate: select recipe0_.id as id1_2_0_, recipe0_.category as category2_2_0_, recipe0_.date as date3_2_0_, recipe0_.description as descript4_2_0_, recipe0_.name as name5_2_0_, recipe0_.user_id as user_id6_2_0_, user1_.id as id1_3_1_, user1_.email as email2_3_1_, user1_.password as password3_3_1_, user1_.role as role4_3_1_ from recipes recipe0_ inner join user_access user1_ on recipe0_.user_id=user1_.id where recipe0_.id=?
Hibernate: select ingredient0_.id as id1_1_0_, ingredient0_.ingredients as ingredie2_1_0_ from ingredients ingredient0_ where ingredient0_.id=?
Hibernate: select directions0_.id as id1_0_0_, directions0_.directions as directio2_0_0_ from directions directions0_ where directions0_.id=?
?[1;31m
Start test 18?[0m
Hibernate: select user0_.id as id1_3_, user0_.email as email2_3_, user0_.password as password3_3_, user0_.role as role4_3_ from user_access user0_ where user0_.email=?
Hibernate: select recipe0_.id as id1_2_0_, recipe0_.category as category2_2_0_, recipe0_.date as date3_2_0_, recipe0_.description as descript4_2_0_, recipe0_.name as name5_2_0_, recipe0_.user_id as user_id6_2_0_, user1_.id as id1_3_1_, user1_.email as email2_3_1_, user1_.password as password3_3_1_, user1_.role as role4_3_1_ from recipes recipe0_ inner join user_access user1_ on recipe0_.user_id=user1_.id where recipe0_.id=?
Hibernate: select recipe0_.user_id as col_0_0_ from recipes recipe0_ where recipe0_.id=?
Hibernate: select recipe0_.id as id1_2_, recipe0_.category as category2_2_, recipe0_.date as date3_2_, recipe0_.description as descript4_2_, recipe0_.name as name5_2_, recipe0_.user_id as user_id6_2_ from recipes recipe0_ where recipe0_.id=?
Hibernate: delete from directions where id=?
Hibernate: delete from ingredients where id=?
Hibernate: delete from recipes where id=?
?[1;31m
Start test 19?[0m
Hibernate: select user0_.id as id1_3_, user0_.email as email2_3_, user0_.password as password3_3_, user0_.role as role4_3_ from user_access user0_ where user0_.email=?
Hibernate: select recipe0_.id as id1_2_0_, recipe0_.category as category2_2_0_, recipe0_.date as date3_2_0_, recipe0_.description as descript4_2_0_, recipe0_.name as name5_2_0_, recipe0_.user_id as user_id6_2_0_, user1_.id as id1_3_1_, user1_.email as email2_3_1_, user1_.password as password3_3_1_, user1_.role as role4_3_1_ from recipes recipe0_ inner join user_access user1_ on recipe0_.user_id=user1_.id where recipe0_.id=?
?[1;31m
Start test 20?[0m
Hibernate: select user0_.id as id1_3_, user0_.email as email2_3_, user0_.password as password3_3_, user0_.role as role4_3_ from user_access user0_ where user0_.email=?
Hibernate: select recipe0_.id as id1_2_0_, recipe0_.category as category2_2_0_, recipe0_.date as date3_2_0_, recipe0_.description as descript4_2_0_, recipe0_.name as name5_2_0_, recipe0_.user_id as user_id6_2_0_, user1_.id as id1_3_1_, user1_.email as email2_3_1_, user1_.password as password3_3_1_, user1_.role as role4_3_1_ from recipes recipe0_ inner join user_access user1_ on recipe0_.user_id=user1_.id where recipe0_.id=?
?[1;31m
Start test 21?[0m
Hibernate: select user0_.id as id1_3_, user0_.email as email2_3_, user0_.password as password3_3_, user0_.role as role4_3_ from user_access user0_ where user0_.email=?
Hibernate: select recipe0_.id as id1_2_0_, recipe0_.category as category2_2_0_, recipe0_.date as date3_2_0_, recipe0_.description as descript4_2_0_, recipe0_.name as name5_2_0_, recipe0_.user_id as user_id6_2_0_, user1_.id as id1_3_1_, user1_.email as email2_3_1_, user1_.password as password3_3_1_, user1_.role as role4_3_1_ from recipes recipe0_ inner join user_access user1_ on recipe0_.user_id=user1_.id where recipe0_.id=?
?[1;31m
Start test 22?[0m
Hibernate: select user0_.id as id1_3_, user0_.email as email2_3_, user0_.password as password3_3_, user0_.role as role4_3_ from user_access user0_ where user0_.email=?
Hibernate: insert into recipes (category, date, description, name, user_id) values (?, ?, ?, ?, ?)
Hibernate: insert into directions (id, directions) values (?, ?)
Hibernate: insert into directions (id, directions) values (?, ?)
Hibernate: insert into ingredients (id, ingredients) values (?, ?)
Hibernate: insert into ingredients (id, ingredients) values (?, ?)
Hibernate: insert into ingredients (id, ingredients) values (?, ?)
?[1;31m
Start test 23?[0m
Hibernate: select user0_.id as id1_3_, user0_.email as email2_3_, user0_.password as password3_3_, user0_.role as role4_3_ from user_access user0_ where user0_.email=?
Hibernate: insert into recipes (category, date, description, name, user_id) values (?, ?, ?, ?, ?)
Hibernate: insert into directions (id, directions) values (?, ?)
Hibernate: insert into directions (id, directions) values (?, ?)
Hibernate: insert into directions (id, directions) values (?, ?)
Hibernate: insert into ingredients (id, ingredients) values (?, ?)
Hibernate: insert into ingredients (id, ingredients) values (?, ?)
Hibernate: insert into ingredients (id, ingredients) values (?, ?)
?[1;31m
Start test 24?[0m
Hibernate: select user0_.id as id1_3_, user0_.email as email2_3_, user0_.password as password3_3_, user0_.role as role4_3_ from user_access user0_ where user0_.email=?
Hibernate: insert into recipes (category, date, description, name, user_id) values (?, ?, ?, ?, ?)
Hibernate: insert into directions (id, directions) values (?, ?)
Hibernate: insert into directions (id, directions) values (?, ?)
Hibernate: insert into directions (id, directions) values (?, ?)
Hibernate: insert into ingredients (id, ingredients) values (?, ?)
Hibernate: insert into ingredients (id, ingredients) values (?, ?)
Hibernate: insert into ingredients (id, ingredients) values (?, ?)
?[1;31m
Start test 25?[0m
Hibernate: select user0_.id as id1_3_, user0_.email as email2_3_, user0_.password as password3_3_, user0_.role as role4_3_ from user_access user0_ where user0_.email=?
Hibernate: insert into recipes (category, date, description, name, user_id) values (?, ?, ?, ?, ?)
Hibernate: insert into directions (id, directions) values (?, ?)
Hibernate: insert into directions (id, directions) values (?, ?)
Hibernate: insert into ingredients (id, ingredients) values (?, ?)
Hibernate: insert into ingredients (id, ingredients) values (?, ?)
Hibernate: insert into ingredients (id, ingredients) values (?, ?)
?[1;31m
Start test 26?[0m
Hibernate: select user0_.id as id1_3_, user0_.email as email2_3_, user0_.password as password3_3_, user0_.role as role4_3_ from user_access user0_ where user0_.email=?
Hibernate: insert into recipes (category, date, description, name, user_id) values (?, ?, ?, ?, ?)
Hibernate: insert into directions (id, directions) values (?, ?)
Hibernate: insert into directions (id, directions) values (?, ?)
Hibernate: insert into directions (id, directions) values (?, ?)
Hibernate: insert into ingredients (id, ingredients) values (?, ?)
Hibernate: insert into ingredients (id, ingredients) values (?, ?)
Hibernate: insert into ingredients (id, ingredients) values (?, ?)
?[1;31m
Start test 27?[0m
Hibernate: select user0_.id as id1_3_, user0_.email as email2_3_, user0_.password as password3_3_, user0_.role as role4_3_ from user_access user0_ where user0_.email=?
Hibernate: insert into recipes (category, date, description, name, user_id) values (?, ?, ?, ?, ?)
Hibernate: insert into directions (id, directions) values (?, ?)
Hibernate: insert into directions (id, directions) values (?, ?)
Hibernate: insert into directions (id, directions) values (?, ?)
Hibernate: insert into ingredients (id, ingredients) values (?, ?)
Hibernate: insert into ingredients (id, ingredients) values (?, ?)
?[1;31m
Start test 28?[0m
Hibernate: select user0_.id as id1_3_, user0_.email as email2_3_, user0_.password as password3_3_, user0_.role as role4_3_ from user_access user0_ where user0_.email=?
Hibernate: insert into recipes (category, date, description, name, user_id) values (?, ?, ?, ?, ?)
Hibernate: insert into directions (id, directions) values (?, ?)
Hibernate: insert into directions (id, directions) values (?, ?)
Hibernate: insert into directions (id, directions) values (?, ?)
Hibernate: insert into ingredients (id, ingredients) values (?, ?)
Hibernate: insert into ingredients (id, ingredients) values (?, ?)
Hibernate: insert into ingredients (id, ingredients) values (?, ?)
?[1;31m
Start test 29?[0m
Hibernate: select user0_.id as id1_3_, user0_.email as email2_3_, user0_.password as password3_3_, user0_.role as role4_3_ from user_access user0_ where user0_.email=?
Hibernate: insert into recipes (category, date, description, name, user_id) values (?, ?, ?, ?, ?)
Hibernate: insert into directions (id, directions) values (?, ?)
Hibernate: insert into directions (id, directions) values (?, ?)
Hibernate: insert into ingredients (id, ingredients) values (?, ?)
Hibernate: insert into ingredients (id, ingredients) values (?, ?)
Hibernate: insert into ingredients (id, ingredients) values (?, ?)
?[1;31m
Start test 30?[0m
Hibernate: select user0_.id as id1_3_, user0_.email as email2_3_, user0_.password as password3_3_, user0_.role as role4_3_ from user_access user0_ where user0_.email=?
Hibernate: insert into recipes (category, date, description, name, user_id) values (?, ?, ?, ?, ?)
Hibernate: insert into directions (id, directions) values (?, ?)
Hibernate: insert into directions (id, directions) values (?, ?)
Hibernate: insert into directions (id, directions) values (?, ?)
Hibernate: insert into ingredients (id, ingredients) values (?, ?)
Hibernate: insert into ingredients (id, ingredients) values (?, ?)
?[1;31m
Start test 31?[0m
Hibernate: select user0_.id as id1_3_, user0_.email as email2_3_, user0_.password as password3_3_, user0_.role as role4_3_ from user_access user0_ where user0_.email=?
Hibernate: insert into recipes (category, date, description, name, user_id) values (?, ?, ?, ?, ?)
Hibernate: insert into directions (id, directions) values (?, ?)
Hibernate: insert into directions (id, directions) values (?, ?)
Hibernate: insert into ingredients (id, ingredients) values (?, ?)
Hibernate: insert into ingredients (id, ingredients) values (?, ?)
Hibernate: insert into ingredients (id, ingredients) values (?, ?)
?[1;31m
Start test 32?[0m
Hibernate: select user0_.id as id1_3_, user0_.email as email2_3_, user0_.password as password3_3_, user0_.role as role4_3_ from user_access user0_ where user0_.email=?
Hibernate: insert into recipes (category, date, description, name, user_id) values (?, ?, ?, ?, ?)
Hibernate: insert into directions (id, directions) values (?, ?)
Hibernate: insert into directions (id, directions) values (?, ?)
Hibernate: insert into directions (id, directions) values (?, ?)
Hibernate: insert into ingredients (id, ingredients) values (?, ?)
Hibernate: insert into ingredients (id, ingredients) values (?, ?)
?[1;31m
Start test 33?[0m
Hibernate: select user0_.id as id1_3_, user0_.email as email2_3_, user0_.password as password3_3_, user0_.role as role4_3_ from user_access user0_ where user0_.email=?
Hibernate: insert into recipes (category, date, description, name, user_id) values (?, ?, ?, ?, ?)
Hibernate: insert into directions (id, directions) values (?, ?)
Hibernate: insert into directions (id, directions) values (?, ?)
Hibernate: insert into directions (id, directions) values (?, ?)
Hibernate: insert into ingredients (id, ingredients) values (?, ?)
Hibernate: insert into ingredients (id, ingredients) values (?, ?)
?[1;31m
Start test 34?[0m
Hibernate: select user0_.id as id1_3_, user0_.email as email2_3_, user0_.password as password3_3_, user0_.role as role4_3_ from user_access user0_ where user0_.email=?
Hibernate: insert into recipes (category, date, description, name, user_id) values (?, ?, ?, ?, ?)
Hibernate: insert into directions (id, directions) values (?, ?)
Hibernate: insert into directions (id, directions) values (?, ?)
Hibernate: insert into ingredients (id, ingredients) values (?, ?)
Hibernate: insert into ingredients (id, ingredients) values (?, ?)
Hibernate: insert into ingredients (id, ingredients) values (?, ?)
?[1;31m
Start test 35?[0m
Hibernate: select user0_.id as id1_3_, user0_.email as email2_3_, user0_.password as password3_3_, user0_.role as role4_3_ from user_access user0_ where user0_.email=?
Hibernate: select recipe0_.id as id1_2_, recipe0_.category as category2_2_, recipe0_.date as date3_2_, recipe0_.description as descript4_2_, recipe0_.name as name5_2_, recipe0_.user_id as user_id6_2_ from recipes recipe0_ where upper(recipe0_.category) like upper(?) escape ? order by recipe0_.date desc
Hibernate: select user0_.id as id1_3_0_, user0_.email as email2_3_0_, user0_.password as password3_3_0_, user0_.role as role4_3_0_ from user_access user0_ where user0_.id=?
Hibernate: select ingredient0_.id as id1_1_0_, ingredient0_.ingredients as ingredie2_1_0_ from ingredients ingredient0_ where ingredient0_.id=?
Hibernate: select directions0_.id as id1_0_0_, directions0_.directions as directio2_0_0_ from directions directions0_ where directions0_.id=?
Hibernate: select ingredient0_.id as id1_1_0_, ingredient0_.ingredients as ingredie2_1_0_ from ingredients ingredient0_ where ingredient0_.id=?
Hibernate: select directions0_.id as id1_0_0_, directions0_.directions as directio2_0_0_ from directions directions0_ where directions0_.id=?
Hibernate: select ingredient0_.id as id1_1_0_, ingredient0_.ingredients as ingredie2_1_0_ from ingredients ingredient0_ where ingredient0_.id=?
Hibernate: select directions0_.id as id1_0_0_, directions0_.directions as directio2_0_0_ from directions directions0_ where directions0_.id=?
Hibernate: select ingredient0_.id as id1_1_0_, ingredient0_.ingredients as ingredie2_1_0_ from ingredients ingredient0_ where ingredient0_.id=?
Hibernate: select directions0_.id as id1_0_0_, directions0_.directions as directio2_0_0_ from directions directions0_ where directions0_.id=?
Hibernate: select ingredient0_.id as id1_1_0_, ingredient0_.ingredients as ingredie2_1_0_ from ingredients ingredient0_ where ingredient0_.id=?
Hibernate: select directions0_.id as id1_0_0_, directions0_.directions as directio2_0_0_ from directions directions0_ where directions0_.id=?
Hibernate: select ingredient0_.id as id1_1_0_, ingredient0_.ingredients as ingredie2_1_0_ from ingredients ingredient0_ where ingredient0_.id=?
Hibernate: select directions0_.id as id1_0_0_, directions0_.directions as directio2_0_0_ from directions directions0_ where directions0_.id=?
Hibernate: select ingredient0_.id as id1_1_0_, ingredient0_.ingredients as ingredie2_1_0_ from ingredients ingredient0_ where ingredient0_.id=?
Hibernate: select directions0_.id as id1_0_0_, directions0_.directions as directio2_0_0_ from directions directions0_ where directions0_.id=?
?[1;31m
Start test 36?[0m
Hibernate: select user0_.id as id1_3_, user0_.email as email2_3_, user0_.password as password3_3_, user0_.role as role4_3_ from user_access user0_ where user0_.email=?
Hibernate: select recipe0_.id as id1_2_, recipe0_.category as category2_2_, recipe0_.date as date3_2_, recipe0_.description as descript4_2_, recipe0_.name as name5_2_, recipe0_.user_id as user_id6_2_ from recipes recipe0_ where upper(recipe0_.name) like upper(?) escape ? order by recipe0_.date desc
Hibernate: select user0_.id as id1_3_0_, user0_.email as email2_3_0_, user0_.password as password3_3_0_, user0_.role as role4_3_0_ from user_access user0_ where user0_.id=?
Hibernate: select ingredient0_.id as id1_1_0_, ingredient0_.ingredients as ingredie2_1_0_ from ingredients ingredient0_ where ingredient0_.id=?
Hibernate: select directions0_.id as id1_0_0_, directions0_.directions as directio2_0_0_ from directions directions0_ where directions0_.id=?
Hibernate: select ingredient0_.id as id1_1_0_, ingredient0_.ingredients as ingredie2_1_0_ from ingredients ingredient0_ where ingredient0_.id=?
Hibernate: select directions0_.id as id1_0_0_, directions0_.directions as directio2_0_0_ from directions directions0_ where directions0_.id=?
Hibernate: select ingredient0_.id as id1_1_0_, ingredient0_.ingredients as ingredie2_1_0_ from ingredients ingredient0_ where ingredient0_.id=?
Hibernate: select directions0_.id as id1_0_0_, directions0_.directions as directio2_0_0_ from directions directions0_ where directions0_.id=?
Hibernate: select ingredient0_.id as id1_1_0_, ingredient0_.ingredients as ingredie2_1_0_ from ingredients ingredient0_ where ingredient0_.id=?
Hibernate: select directions0_.id as id1_0_0_, directions0_.directions as directio2_0_0_ from directions directions0_ where directions0_.id=?
Hibernate: select ingredient0_.id as id1_1_0_, ingredient0_.ingredients as ingredie2_1_0_ from ingredients ingredient0_ where ingredient0_.id=?
Hibernate: select directions0_.id as id1_0_0_, directions0_.directions as directio2_0_0_ from directions directions0_ where directions0_.id=?
Hibernate: select ingredient0_.id as id1_1_0_, ingredient0_.ingredients as ingredie2_1_0_ from ingredients ingredient0_ where ingredient0_.id=?
Hibernate: select directions0_.id as id1_0_0_, directions0_.directions as directio2_0_0_ from directions directions0_ where directions0_.id=?
?[1;31m
Start test 37?[0m
Hibernate: select user0_.id as id1_3_, user0_.email as email2_3_, user0_.password as password3_3_, user0_.role as role4_3_ from user_access user0_ where user0_.email=?
Hibernate: select recipe0_.id as id1_2_, recipe0_.category as category2_2_, recipe0_.date as date3_2_, recipe0_.description as descript4_2_, recipe0_.name as name5_2_, recipe0_.user_id as user_id6_2_ from recipes recipe0_ where upper(recipe0_.category) like upper(?) escape ? order by recipe0_.date desc
?[1;31m
Start test 38?[0m
Hibernate: select user0_.id as id1_3_, user0_.email as email2_3_, user0_.password as password3_3_, user0_.role as role4_3_ from user_access user0_ where user0_.email=?
Hibernate: select recipe0_.id as id1_2_, recipe0_.category as category2_2_, recipe0_.date as date3_2_, recipe0_.description as descript4_2_, recipe0_.name as name5_2_, recipe0_.user_id as user_id6_2_ from recipes recipe0_ where upper(recipe0_.name) like upper(?) escape ? order by recipe0_.date desc
?[1;31m
Start test 39?[0m
Hibernate: select user0_.id as id1_3_, user0_.email as email2_3_, user0_.password as password3_3_, user0_.role as role4_3_ from user_access user0_ where user0_.email=?
?[1;31m
Start test 40?[0m
Hibernate: select user0_.id as id1_3_, user0_.email as email2_3_, user0_.password as password3_3_, user0_.role as role4_3_ from user_access user0_ where user0_.email=?
?[1;31m
Start test 41?[0m
Hibernate: select user0_.id as id1_3_, user0_.email as email2_3_, user0_.password as password3_3_, user0_.role as role4_3_ from user_access user0_ where user0_.email=?
?[1;31m
Start test 42?[0m
Hibernate: select user0_.id as id1_3_, user0_.email as email2_3_, user0_.password as password3_3_, user0_.role as role4_3_ from user_access user0_ where user0_.email=?
?[1;31m
Start test 43?[0m
Hibernate: select user0_.id as id1_3_, user0_.email as email2_3_, user0_.password as password3_3_, user0_.role as role4_3_ from user_access user0_ where user0_.email=?
2022-08-05 23:15:31.634  WARN 3784 --- [io-8881-exec-10] .w.s.m.s.DefaultHandlerExceptionResolver : Resolved [org.springframework.web.bind.MethodArgumentNotValidException: Validation failed for argument [1] in public org.springframework.http.ResponseEntity<?> recipes.controller.FirstController.saveRecipe(recipes.model.UserDetailsImpl,recipes.model.Recipe): [Field error in object 'recipe' on field 'name': rejected value [null]; codes [NotBlank.recipe.name,NotBlank.name,NotBlank.java.lang.String,NotBlank]; arguments [org.springframework.context.support.DefaultMessageSourceResolvable: codes [recipe.name,name]; arguments []; default message [name]]; default message [must not be blank]] ]
?[1;31m
Start test 44?[0m
Hibernate: select user0_.id as id1_3_, user0_.email as email2_3_, user0_.password as password3_3_, user0_.role as role4_3_ from user_access user0_ where user0_.email=?
2022-08-05 23:15:31.733  WARN 3784 --- [nio-8881-exec-1] .w.s.m.s.DefaultHandlerExceptionResolver : Resolved [org.springframework.web.bind.MethodArgumentNotValidException: Validation failed for argument [1] in public org.springframework.http.ResponseEntity<?> recipes.controller.FirstController.saveRecipe(recipes.model.UserDetailsImpl,recipes.model.Recipe): [Field error in object 'recipe' on field 'category': rejected value [null]; codes [NotBlank.recipe.category,NotBlank.category,NotBlank.java.lang.String,NotBlank]; arguments [org.springframework.context.support.DefaultMessageSourceResolvable: codes [recipe.category,category]; arguments []; default message [category]]; default message [must not be blank]] ]
?[1;31m
Start test 45?[0m
Hibernate: select user0_.id as id1_3_, user0_.email as email2_3_, user0_.password as password3_3_, user0_.role as role4_3_ from user_access user0_ where user0_.email=?
2022-08-05 23:15:31.822  WARN 3784 --- [nio-8881-exec-2] .w.s.m.s.DefaultHandlerExceptionResolver : Resolved [org.springframework.web.bind.MethodArgumentNotValidException: Validation failed for argument [1] in public org.springframework.http.ResponseEntity<?> recipes.controller.FirstController.saveRecipe(recipes.model.UserDetailsImpl,recipes.model.Recipe): [Field error in object 'recipe' on field 'description': rejected value [null]; codes [NotBlank.recipe.description,NotBlank.description,NotBlank.java.lang.String,NotBlank]; arguments [org.springframework.context.support.DefaultMessageSourceResolvable: codes [recipe.description,description]; arguments []; default message [description]]; default message [must not be blank]] ]
?[1;31m
Start test 46?[0m
Hibernate: select user0_.id as id1_3_, user0_.email as email2_3_, user0_.password as password3_3_, user0_.role as role4_3_ from user_access user0_ where user0_.email=?
2022-08-05 23:15:31.904  WARN 3784 --- [nio-8881-exec-3] .w.s.m.s.DefaultHandlerExceptionResolver : Resolved [org.springframework.web.bind.MethodArgumentNotValidException: Validation failed for argument [1] in public org.springframework.http.ResponseEntity<?> recipes.controller.FirstController.saveRecipe(recipes.model.UserDetailsImpl,recipes.model.Recipe): [Field error in object 'recipe' on field 'ingredients': rejected value [[]]; codes [NotEmpty.recipe.ingredients,NotEmpty.ingredients,NotEmpty.java.util.List,NotEmpty]; arguments [org.springframework.context.support.DefaultMessageSourceResolvable: codes [recipe.ingredients,ingredients]; arguments []; default message [ingredients]]; default message [must not be empty]] ]
?[1;31m
Start test 47?[0m
Hibernate: select user0_.id as id1_3_, user0_.email as email2_3_, user0_.password as password3_3_, user0_.role as role4_3_ from user_access user0_ where user0_.email=?
2022-08-05 23:15:31.984  WARN 3784 --- [nio-8881-exec-4] .w.s.m.s.DefaultHandlerExceptionResolver : Resolved [org.springframework.web.bind.MethodArgumentNotValidException: Validation failed for argument [1] in public org.springframework.http.ResponseEntity<?> recipes.controller.FirstController.saveRecipe(recipes.model.UserDetailsImpl,recipes.model.Recipe): [Field error in object 'recipe' on field 'directions': rejected value [[]]; codes [NotEmpty.recipe.directions,NotEmpty.directions,NotEmpty.java.util.List,NotEmpty]; arguments [org.springframework.context.support.DefaultMessageSourceResolvable: codes [recipe.directions,directions]; arguments []; default message [directions]]; default message [must not be empty]] ]
?[1;31m
Start test 48?[0m
Hibernate: select user0_.id as id1_3_, user0_.email as email2_3_, user0_.password as password3_3_, user0_.role as role4_3_ from user_access user0_ where user0_.email=?
2022-08-05 23:15:32.066  WARN 3784 --- [nio-8881-exec-5] .w.s.m.s.DefaultHandlerExceptionResolver : Resolved [org.springframework.web.bind.MethodArgumentNotValidException: Validation failed for argument [1] in public org.springframework.http.ResponseEntity<?> recipes.controller.FirstController.saveRecipe(recipes.model.UserDetailsImpl,recipes.model.Recipe): [Field error in object 'recipe' on field 'name': rejected value [  ]; codes [NotBlank.recipe.name,NotBlank.name,NotBlank.java.lang.String,NotBlank]; arguments [org.springframework.context.support.DefaultMessageSourceResolvable: codes [recipe.name,name]; arguments []; default message [name]]; default message [must not be blank]] ]
?[1;31m
Start test 49?[0m
Hibernate: select user0_.id as id1_3_, user0_.email as email2_3_, user0_.password as password3_3_, user0_.role as role4_3_ from user_access user0_ where user0_.email=?
2022-08-05 23:15:32.147  WARN 3784 --- [nio-8881-exec-6] .w.s.m.s.DefaultHandlerExceptionResolver : Resolved [org.springframework.web.bind.MethodArgumentNotValidException: Validation failed for argument [1] in public org.springframework.http.ResponseEntity<?> recipes.controller.FirstController.saveRecipe(recipes.model.UserDetailsImpl,recipes.model.Recipe): [Field error in object 'recipe' on field 'category': rejected value [  ]; codes [NotBlank.recipe.category,NotBlank.category,NotBlank.java.lang.String,NotBlank]; arguments [org.springframework.context.support.DefaultMessageSourceResolvable: codes [recipe.category,category]; arguments []; default message [category]]; default message [must not be blank]] ]
?[1;31m
Start test 50?[0m
Hibernate: select user0_.id as id1_3_, user0_.email as email2_3_, user0_.password as password3_3_, user0_.role as role4_3_ from user_access user0_ where user0_.email=?
2022-08-05 23:15:32.227  WARN 3784 --- [nio-8881-exec-7] .w.s.m.s.DefaultHandlerExceptionResolver : Resolved [org.springframework.web.bind.MethodArgumentNotValidException: Validation failed for argument [1] in public org.springframework.http.ResponseEntity<?> recipes.controller.FirstController.saveRecipe(recipes.model.UserDetailsImpl,recipes.model.Recipe): [Field error in object 'recipe' on field 'description': rejected value [  ]; codes [NotBlank.recipe.description,NotBlank.description,NotBlank.java.lang.String,NotBlank]; arguments [org.springframework.context.support.DefaultMessageSourceResolvable: codes [recipe.description,description]; arguments []; default message [description]]; default message [must not be blank]] ]
?[1;31m
Start test 51?[0m
Hibernate: select user0_.id as id1_3_, user0_.email as email2_3_, user0_.password as password3_3_, user0_.role as role4_3_ from user_access user0_ where user0_.email=?
2022-08-05 23:15:32.307  WARN 3784 --- [nio-8881-exec-8] .w.s.m.s.DefaultHandlerExceptionResolver : Resolved [org.springframework.web.bind.MethodArgumentNotValidException: Validation failed for argument [1] in public org.springframework.http.ResponseEntity<?> recipes.controller.FirstController.saveRecipe(recipes.model.UserDetailsImpl,recipes.model.Recipe): [Field error in object 'recipe' on field 'ingredients': rejected value [[]]; codes [NotEmpty.recipe.ingredients,NotEmpty.ingredients,NotEmpty.java.util.List,NotEmpty]; arguments [org.springframework.context.support.DefaultMessageSourceResolvable: codes [recipe.ingredients,ingredients]; arguments []; default message [ingredients]]; default message [must not be empty]] ]
?[1;31m
Start test 52?[0m
Hibernate: select user0_.id as id1_3_, user0_.email as email2_3_, user0_.password as password3_3_, user0_.role as role4_3_ from user_access user0_ where user0_.email=?
2022-08-05 23:15:32.389  WARN 3784 --- [nio-8881-exec-9] .w.s.m.s.DefaultHandlerExceptionResolver : Resolved [org.springframework.web.bind.MethodArgumentNotValidException: Validation failed for argument [1] in public org.springframework.http.ResponseEntity<?> recipes.controller.FirstController.saveRecipe(recipes.model.UserDetailsImpl,recipes.model.Recipe): [Field error in object 'recipe' on field 'directions': rejected value [[]]; codes [NotEmpty.recipe.directions,NotEmpty.directions,NotEmpty.java.util.List,NotEmpty]; arguments [org.springframework.context.support.DefaultMessageSourceResolvable: codes [recipe.directions,directions]; arguments []; default message [directions]]; default message [must not be empty]] ]
?[1;31m
Start test 53?[0m
Hibernate: select user0_.id as id1_3_, user0_.email as email2_3_, user0_.password as password3_3_, user0_.role as role4_3_ from user_access user0_ where user0_.email=?
2022-08-05 23:15:32.474  WARN 3784 --- [io-8881-exec-10] .w.s.m.s.DefaultHandlerExceptionResolver : Resolved [org.springframework.web.bind.MethodArgumentNotValidException: Validation failed for argument [2] in public org.springframework.http.ResponseEntity<?> recipes.controller.FirstController.updateRecipe(recipes.model.UserDetailsImpl,java.lang.Long,recipes.model.Recipe): [Field error in object 'recipe' on field 'name': rejected value [null]; codes [NotBlank.recipe.name,NotBlank.name,NotBlank.java.lang.String,NotBlank]; arguments [org.springframework.context.support.DefaultMessageSourceResolvable: codes [recipe.name,name]; arguments []; default message [name]]; default message [must not be blank]] ]
?[1;31m
Start test 54?[0m
Hibernate: select user0_.id as id1_3_, user0_.email as email2_3_, user0_.password as password3_3_, user0_.role as role4_3_ from user_access user0_ where user0_.email=?
2022-08-05 23:15:32.554  WARN 3784 --- [nio-8881-exec-1] .w.s.m.s.DefaultHandlerExceptionResolver : Resolved [org.springframework.web.bind.MethodArgumentNotValidException: Validation failed for argument [2] in public org.springframework.http.ResponseEntity<?> recipes.controller.FirstController.updateRecipe(recipes.model.UserDetailsImpl,java.lang.Long,recipes.model.Recipe): [Field error in object 'recipe' on field 'category': rejected value [null]; codes [NotBlank.recipe.category,NotBlank.category,NotBlank.java.lang.String,NotBlank]; arguments [org.springframework.context.support.DefaultMessageSourceResolvable: codes [recipe.category,category]; arguments []; default message [category]]; default message [must not be blank]] ]
?[1;31m
Start test 55?[0m
Hibernate: select user0_.id as id1_3_, user0_.email as email2_3_, user0_.password as password3_3_, user0_.role as role4_3_ from user_access user0_ where user0_.email=?
2022-08-05 23:15:32.635  WARN 3784 --- [nio-8881-exec-2] .w.s.m.s.DefaultHandlerExceptionResolver : Resolved [org.springframework.web.bind.MethodArgumentNotValidException: Validation failed for argument [2] in public org.springframework.http.ResponseEntity<?> recipes.controller.FirstController.updateRecipe(recipes.model.UserDetailsImpl,java.lang.Long,recipes.model.Recipe): [Field error in object 'recipe' on field 'description': rejected value [null]; codes [NotBlank.recipe.description,NotBlank.description,NotBlank.java.lang.String,NotBlank]; arguments [org.springframework.context.support.DefaultMessageSourceResolvable: codes [recipe.description,description]; arguments []; default message [description]]; default message [must not be blank]] ]
?[1;31m
Start test 56?[0m
Hibernate: select user0_.id as id1_3_, user0_.email as email2_3_, user0_.password as password3_3_, user0_.role as role4_3_ from user_access user0_ where user0_.email=?
2022-08-05 23:15:32.725  WARN 3784 --- [nio-8881-exec-3] .w.s.m.s.DefaultHandlerExceptionResolver : Resolved [org.springframework.web.bind.MethodArgumentNotValidException: Validation failed for argument [2] in public org.springframework.http.ResponseEntity<?> recipes.controller.FirstController.updateRecipe(recipes.model.UserDetailsImpl,java.lang.Long,recipes.model.Recipe): [Field error in object 'recipe' on field 'ingredients': rejected value [[]]; codes [NotEmpty.recipe.ingredients,NotEmpty.ingredients,NotEmpty.java.util.List,NotEmpty]; arguments [org.springframework.context.support.DefaultMessageSourceResolvable: codes [recipe.ingredients,ingredients]; arguments []; default message [ingredients]]; default message [must not be empty]] ]
?[1;31m
Start test 57?[0m
Hibernate: select user0_.id as id1_3_, user0_.email as email2_3_, user0_.password as password3_3_, user0_.role as role4_3_ from user_access user0_ where user0_.email=?
2022-08-05 23:15:32.884  WARN 3784 --- [nio-8881-exec-4] .w.s.m.s.DefaultHandlerExceptionResolver : Resolved [org.springframework.web.bind.MethodArgumentNotValidException: Validation failed for argument [2] in public org.springframework.http.ResponseEntity<?> recipes.controller.FirstController.updateRecipe(recipes.model.UserDetailsImpl,java.lang.Long,recipes.model.Recipe): [Field error in object 'recipe' on field 'directions': rejected value [[]]; codes [NotEmpty.recipe.directions,NotEmpty.directions,NotEmpty.java.util.List,NotEmpty]; arguments [org.springframework.context.support.DefaultMessageSourceResolvable: codes [recipe.directions,directions]; arguments []; default message [directions]]; default message [must not be empty]] ]
?[1;31m
Start test 58?[0m
Hibernate: select user0_.id as id1_3_, user0_.email as email2_3_, user0_.password as password3_3_, user0_.role as role4_3_ from user_access user0_ where user0_.email=?
2022-08-05 23:15:32.968  WARN 3784 --- [nio-8881-exec-5] .w.s.m.s.DefaultHandlerExceptionResolver : Resolved [org.springframework.web.bind.MethodArgumentNotValidException: Validation failed for argument [2] in public org.springframework.http.ResponseEntity<?> recipes.controller.FirstController.updateRecipe(recipes.model.UserDetailsImpl,java.lang.Long,recipes.model.Recipe): [Field error in object 'recipe' on field 'name': rejected value [  ]; codes [NotBlank.recipe.name,NotBlank.name,NotBlank.java.lang.String,NotBlank]; arguments [org.springframework.context.support.DefaultMessageSourceResolvable: codes [recipe.name,name]; arguments []; default message [name]]; default message [must not be blank]] ]
?[1;31m
Start test 59?[0m
Hibernate: select user0_.id as id1_3_, user0_.email as email2_3_, user0_.password as password3_3_, user0_.role as role4_3_ from user_access user0_ where user0_.email=?
2022-08-05 23:15:33.053  WARN 3784 --- [nio-8881-exec-6] .w.s.m.s.DefaultHandlerExceptionResolver : Resolved [org.springframework.web.bind.MethodArgumentNotValidException: Validation failed for argument [2] in public org.springframework.http.ResponseEntity<?> recipes.controller.FirstController.updateRecipe(recipes.model.UserDetailsImpl,java.lang.Long,recipes.model.Recipe): [Field error in object 'recipe' on field 'category': rejected value [  ]; codes [NotBlank.recipe.category,NotBlank.category,NotBlank.java.lang.String,NotBlank]; arguments [org.springframework.context.support.DefaultMessageSourceResolvable: codes [recipe.category,category]; arguments []; default message [category]]; default message [must not be blank]] ]
?[1;31m
Start test 60?[0m
Hibernate: select user0_.id as id1_3_, user0_.email as email2_3_, user0_.password as password3_3_, user0_.role as role4_3_ from user_access user0_ where user0_.email=?
2022-08-05 23:15:33.141  WARN 3784 --- [nio-8881-exec-7] .w.s.m.s.DefaultHandlerExceptionResolver : Resolved [org.springframework.web.bind.MethodArgumentNotValidException: Validation failed for argument [2] in public org.springframework.http.ResponseEntity<?> recipes.controller.FirstController.updateRecipe(recipes.model.UserDetailsImpl,java.lang.Long,recipes.model.Recipe): [Field error in object 'recipe' on field 'description': rejected value [  ]; codes [NotBlank.recipe.description,NotBlank.description,NotBlank.java.lang.String,NotBlank]; arguments [org.springframework.context.support.DefaultMessageSourceResolvable: codes [recipe.description,description]; arguments []; default message [description]]; default message [must not be blank]] ]
?[1;31m
Start test 61?[0m
Hibernate: select user0_.id as id1_3_, user0_.email as email2_3_, user0_.password as password3_3_, user0_.role as role4_3_ from user_access user0_ where user0_.email=?
2022-08-05 23:15:33.265  WARN 3784 --- [nio-8881-exec-8] .w.s.m.s.DefaultHandlerExceptionResolver : Resolved [org.springframework.web.bind.MethodArgumentNotValidException: Validation failed for argument [2] in public org.springframework.http.ResponseEntity<?> recipes.controller.FirstController.updateRecipe(recipes.model.UserDetailsImpl,java.lang.Long,recipes.model.Recipe): [Field error in object 'recipe' on field 'ingredients': rejected value [[]]; codes [NotEmpty.recipe.ingredients,NotEmpty.ingredients,NotEmpty.java.util.List,NotEmpty]; arguments [org.springframework.context.support.DefaultMessageSourceResolvable: codes [recipe.ingredients,ingredients]; arguments []; default message [ingredients]]; default message [must not be empty]] ]
?[1;31m
Start test 62?[0m
Hibernate: select user0_.id as id1_3_, user0_.email as email2_3_, user0_.password as password3_3_, user0_.role as role4_3_ from user_access user0_ where user0_.email=?
2022-08-05 23:15:33.356  WARN 3784 --- [nio-8881-exec-9] .w.s.m.s.DefaultHandlerExceptionResolver : Resolved [org.springframework.web.bind.MethodArgumentNotValidException: Validation failed for argument [2] in public org.springframework.http.ResponseEntity<?> recipes.controller.FirstController.updateRecipe(recipes.model.UserDetailsImpl,java.lang.Long,recipes.model.Recipe): [Field error in object 'recipe' on field 'directions': rejected value [[]]; codes [NotEmpty.recipe.directions,NotEmpty.directions,NotEmpty.java.util.List,NotEmpty]; arguments [org.springframework.context.support.DefaultMessageSourceResolvable: codes [recipe.directions,directions]; arguments []; default message [directions]]; default message [must not be empty]] ]
?[1;31m
Start test 63?[0m
2022-08-05 23:15:33.922  INFO 3784 --- [       Thread-6] j.LocalContainerEntityManagerFactoryBean : Closing JPA EntityManagerFactory for persistence unit 'default'
2022-08-05 23:15:33.922  INFO 3784 --- [       Thread-6] com.zaxxer.hikari.HikariDataSource       : HikariPool-2 - Shutdown initiated...
2022-08-05 23:15:33.924  INFO 3784 --- [       Thread-6] com.zaxxer.hikari.HikariDataSource       : HikariPool-2 - Shutdown completed.

  .   ____          _            __ _ _
 /\\ / ___'_ __ _ _(_)_ __  __ _ \ \ \ \
( ( )\___ | '_ | '_| | '_ \/ _` | \ \ \ \
 \\/  ___)| |_)| | | | | || (_| |  ) ) ) )
  '  |____| .__|_| |_|_| |_\__, | / / / /
 =========|_|==============|___/=/_/_/_/
 :: Spring Boot ::                (v2.5.6)

2022-08-05 23:15:33.961  INFO 3784 --- [    Test worker] recipes.RecipesApplication               : Starting RecipesApplication using Java 17.0.4 on User-PC with PID 3784 (started by User in D:\jav\springCourseMVC\Recipes\Recipes\task)
2022-08-05 23:15:33.961  INFO 3784 --- [    Test worker] recipes.RecipesApplication               : No active profile set, falling back to default profiles: default
2022-08-05 23:15:34.186  INFO 3784 --- [    Test worker] .s.d.r.c.RepositoryConfigurationDelegate : Bootstrapping Spring Data JPA repositories in DEFAULT mode.
2022-08-05 23:15:34.199  INFO 3784 --- [    Test worker] .s.d.r.c.RepositoryConfigurationDelegate : Finished Spring Data repository scanning in 12 ms. Found 2 JPA repository interfaces.
2022-08-05 23:15:34.293  INFO 3784 --- [    Test worker] o.s.b.w.embedded.tomcat.TomcatWebServer  : Tomcat initialized with port(s): 8881 (http)
2022-08-05 23:15:34.294  INFO 3784 --- [    Test worker] o.apache.catalina.core.StandardService   : Starting service [Tomcat]
2022-08-05 23:15:34.294  INFO 3784 --- [    Test worker] org.apache.catalina.core.StandardEngine  : Starting Servlet engine: [Apache Tomcat/9.0.54]
2022-08-05 23:15:34.316  INFO 3784 --- [    Test worker] o.a.c.c.C.[Tomcat].[localhost].[/]       : Initializing Spring embedded WebApplicationContext
2022-08-05 23:15:34.316  INFO 3784 --- [    Test worker] w.s.c.ServletWebServerApplicationContext : Root WebApplicationContext: initialization completed in 353 ms
2022-08-05 23:15:34.384  INFO 3784 --- [    Test worker] o.hibernate.jpa.internal.util.LogHelper  : HHH000204: Processing PersistenceUnitInfo [name: default]
2022-08-05 23:15:34.388  INFO 3784 --- [    Test worker] com.zaxxer.hikari.HikariDataSource       : HikariPool-3 - Starting...
2022-08-05 23:15:34.421  INFO 3784 --- [    Test worker] com.zaxxer.hikari.HikariDataSource       : HikariPool-3 - Start completed.
2022-08-05 23:15:34.421  INFO 3784 --- [    Test worker] org.hibernate.dialect.Dialect            : HHH000400: Using dialect: org.hibernate.dialect.PostgreSQL10Dialect
2022-08-05 23:15:34.552  INFO 3784 --- [    Test worker] o.h.e.t.j.p.i.JtaPlatformInitiator       : HHH000490: Using JtaPlatform implementation: [org.hibernate.engine.transaction.jta.platform.internal.NoJtaPlatform]
2022-08-05 23:15:34.552  INFO 3784 --- [    Test worker] j.LocalContainerEntityManagerFactoryBean : Initialized JPA EntityManagerFactory for persistence unit 'default'
2022-08-05 23:15:34.729  INFO 3784 --- [    Test worker] o.s.b.a.e.web.EndpointLinksResolver      : Exposing 14 endpoint(s) beneath base path '/actuator'
2022-08-05 23:15:34.737  INFO 3784 --- [    Test worker] o.s.s.web.DefaultSecurityFilterChain     : Will secure any request with [org.springframework.security.web.context.request.async.WebAsyncManagerIntegrationFilter@30f929ff, org.springframework.security.web.context.SecurityContextPersistenceFilter@69a8617c, org.springframework.security.web.header.HeaderWriterFilter@6fab0d15, org.springframework.security.web.authentication.logout.LogoutFilter@6508e82, org.springframework.security.web.authentication.www.BasicAuthenticationFilter@3c1133ad, org.springframework.security.web.savedrequest.RequestCacheAwareFilter@6ad703cd, org.springframework.security.web.servletapi.SecurityContextHolderAwareRequestFilter@5d237827, org.springframework.security.web.authentication.AnonymousAuthenticationFilter@49d4a2cf, org.springframework.security.web.session.SessionManagementFilter@4606e1a6, org.springframework.security.web.access.ExceptionTranslationFilter@2a03b87, org.springframework.security.web.access.intercept.FilterSecurityInterceptor@6114ed6f]
2022-08-05 23:15:34.801  INFO 3784 --- [    Test worker] o.s.b.w.embedded.tomcat.TomcatWebServer  : Tomcat started on port(s): 8881 (http) with context path ''
2022-08-05 23:15:34.807  INFO 3784 --- [    Test worker] recipes.RecipesApplication               : Started RecipesApplication in 0.861 seconds (JVM running for 16.048)
?[1;31m
Start test 64?[0m
2022-08-05 23:15:34.814  INFO 3784 --- [nio-8881-exec-1] o.a.c.c.C.[Tomcat].[localhost].[/]       : Initializing Spring DispatcherServlet 'dispatcherServlet'
2022-08-05 23:15:34.814  INFO 3784 --- [nio-8881-exec-1] o.s.web.servlet.DispatcherServlet        : Initializing Servlet 'dispatcherServlet'
2022-08-05 23:15:34.815  INFO 3784 --- [nio-8881-exec-1] o.s.web.servlet.DispatcherServlet        : Completed initialization in 1 ms
Hibernate: select user0_.id as id1_3_, user0_.email as email2_3_, user0_.password as password3_3_, user0_.role as role4_3_ from user_access user0_ where user0_.email=?
Hibernate: insert into recipes (category, date, description, name, user_id) values (?, ?, ?, ?, ?)
Hibernate: insert into directions (id, directions) values (?, ?)
Hibernate: insert into directions (id, directions) values (?, ?)
Hibernate: insert into directions (id, directions) values (?, ?)
Hibernate: insert into directions (id, directions) values (?, ?)
Hibernate: insert into directions (id, directions) values (?, ?)
Hibernate: insert into ingredients (id, ingredients) values (?, ?)
Hibernate: insert into ingredients (id, ingredients) values (?, ?)
Hibernate: insert into ingredients (id, ingredients) values (?, ?)
?[1;31m
Start test 65?[0m
Hibernate: select user0_.id as id1_3_, user0_.email as email2_3_, user0_.password as password3_3_, user0_.role as role4_3_ from user_access user0_ where user0_.email=?
Hibernate: select recipe0_.id as id1_2_0_, recipe0_.category as category2_2_0_, recipe0_.date as date3_2_0_, recipe0_.description as descript4_2_0_, recipe0_.name as name5_2_0_, recipe0_.user_id as user_id6_2_0_, user1_.id as id1_3_1_, user1_.email as email2_3_1_, user1_.password as password3_3_1_, user1_.role as role4_3_1_ from recipes recipe0_ inner join user_access user1_ on recipe0_.user_id=user1_.id where recipe0_.id=?
Hibernate: select ingredient0_.id as id1_1_0_, ingredient0_.ingredients as ingredie2_1_0_ from ingredients ingredient0_ where ingredient0_.id=?
Hibernate: select directions0_.id as id1_0_0_, directions0_.directions as directio2_0_0_ from directions directions0_ where directions0_.id=?
?[1;31m
Start test 66?[0m
Hibernate: select user0_.id as id1_3_, user0_.email as email2_3_, user0_.password as password3_3_, user0_.role as role4_3_ from user_access user0_ where user0_.email=?
Hibernate: select recipe0_.id as id1_2_, recipe0_.category as category2_2_, recipe0_.date as date3_2_, recipe0_.description as descript4_2_, recipe0_.name as name5_2_, recipe0_.user_id as user_id6_2_ from recipes recipe0_ where upper(recipe0_.category) like upper(?) escape ? order by recipe0_.date desc
Hibernate: select user0_.id as id1_3_0_, user0_.email as email2_3_0_, user0_.password as password3_3_0_, user0_.role as role4_3_0_ from user_access user0_ where user0_.id=?
Hibernate: select ingredient0_.id as id1_1_0_, ingredient0_.ingredients as ingredie2_1_0_ from ingredients ingredient0_ where ingredient0_.id=?
Hibernate: select directions0_.id as id1_0_0_, directions0_.directions as directio2_0_0_ from directions directions0_ where directions0_.id=?
Hibernate: select ingredient0_.id as id1_1_0_, ingredient0_.ingredients as ingredie2_1_0_ from ingredients ingredient0_ where ingredient0_.id=?
Hibernate: select directions0_.id as id1_0_0_, directions0_.directions as directio2_0_0_ from directions directions0_ where directions0_.id=?
Hibernate: select ingredient0_.id as id1_1_0_, ingredient0_.ingredients as ingredie2_1_0_ from ingredients ingredient0_ where ingredient0_.id=?
Hibernate: select directions0_.id as id1_0_0_, directions0_.directions as directio2_0_0_ from directions directions0_ where directions0_.id=?
Hibernate: select ingredient0_.id as id1_1_0_, ingredient0_.ingredients as ingredie2_1_0_ from ingredients ingredient0_ where ingredient0_.id=?
Hibernate: select directions0_.id as id1_0_0_, directions0_.directions as directio2_0_0_ from directions directions0_ where directions0_.id=?
Hibernate: select ingredient0_.id as id1_1_0_, ingredient0_.ingredients as ingredie2_1_0_ from ingredients ingredient0_ where ingredient0_.id=?
Hibernate: select directions0_.id as id1_0_0_, directions0_.directions as directio2_0_0_ from directions directions0_ where directions0_.id=?
Hibernate: select ingredient0_.id as id1_1_0_, ingredient0_.ingredients as ingredie2_1_0_ from ingredients ingredient0_ where ingredient0_.id=?
Hibernate: select directions0_.id as id1_0_0_, directions0_.directions as directio2_0_0_ from directions directions0_ where directions0_.id=?
Hibernate: select ingredient0_.id as id1_1_0_, ingredient0_.ingredients as ingredie2_1_0_ from ingredients ingredient0_ where ingredient0_.id=?
Hibernate: select directions0_.id as id1_0_0_, directions0_.directions as directio2_0_0_ from directions directions0_ where directions0_.id=?
?[1;31m
Start test 67?[0m
Hibernate: select user0_.id as id1_3_, user0_.email as email2_3_, user0_.password as password3_3_, user0_.role as role4_3_ from user_access user0_ where user0_.email=?
Hibernate: select recipe0_.id as id1_2_, recipe0_.category as category2_2_, recipe0_.date as date3_2_, recipe0_.description as descript4_2_, recipe0_.name as name5_2_, recipe0_.user_id as user_id6_2_ from recipes recipe0_ where upper(recipe0_.name) like upper(?) escape ? order by recipe0_.date desc
Hibernate: select user0_.id as id1_3_0_, user0_.email as email2_3_0_, user0_.password as password3_3_0_, user0_.role as role4_3_0_ from user_access user0_ where user0_.id=?
Hibernate: select ingredient0_.id as id1_1_0_, ingredient0_.ingredients as ingredie2_1_0_ from ingredients ingredient0_ where ingredient0_.id=?
Hibernate: select directions0_.id as id1_0_0_, directions0_.directions as directio2_0_0_ from directions directions0_ where directions0_.id=?
Hibernate: select ingredient0_.id as id1_1_0_, ingredient0_.ingredients as ingredie2_1_0_ from ingredients ingredient0_ where ingredient0_.id=?
Hibernate: select directions0_.id as id1_0_0_, directions0_.directions as directio2_0_0_ from directions directions0_ where directions0_.id=?
Hibernate: select ingredient0_.id as id1_1_0_, ingredient0_.ingredients as ingredie2_1_0_ from ingredients ingredient0_ where ingredient0_.id=?
Hibernate: select directions0_.id as id1_0_0_, directions0_.directions as directio2_0_0_ from directions directions0_ where directions0_.id=?
Hibernate: select ingredient0_.id as id1_1_0_, ingredient0_.ingredients as ingredie2_1_0_ from ingredients ingredient0_ where ingredient0_.id=?
Hibernate: select directions0_.id as id1_0_0_, directions0_.directions as directio2_0_0_ from directions directions0_ where directions0_.id=?
Hibernate: select ingredient0_.id as id1_1_0_, ingredient0_.ingredients as ingredie2_1_0_ from ingredients ingredient0_ where ingredient0_.id=?
Hibernate: select directions0_.id as id1_0_0_, directions0_.directions as directio2_0_0_ from directions directions0_ where directions0_.id=?
Hibernate: select ingredient0_.id as id1_1_0_, ingredient0_.ingredients as ingredie2_1_0_ from ingredients ingredient0_ where ingredient0_.id=?
Hibernate: select directions0_.id as id1_0_0_, directions0_.directions as directio2_0_0_ from directions directions0_ where directions0_.id=?
?[1;31m
Start test 68?[0m
Hibernate: select user0_.id as id1_3_, user0_.email as email2_3_, user0_.password as password3_3_, user0_.role as role4_3_ from user_access user0_ where user0_.email=?
Hibernate: select recipe0_.id as id1_2_0_, recipe0_.category as category2_2_0_, recipe0_.date as date3_2_0_, recipe0_.description as descript4_2_0_, recipe0_.name as name5_2_0_, recipe0_.user_id as user_id6_2_0_, user1_.id as id1_3_1_, user1_.email as email2_3_1_, user1_.password as password3_3_1_, user1_.role as role4_3_1_ from recipes recipe0_ inner join user_access user1_ on recipe0_.user_id=user1_.id where recipe0_.id=?
Hibernate: select recipe0_.user_id as col_0_0_ from recipes recipe0_ where recipe0_.id=?
?[1;31m
Start test 69?[0m
Hibernate: select user0_.id as id1_3_, user0_.email as email2_3_, user0_.password as password3_3_, user0_.role as role4_3_ from user_access user0_ where user0_.email=?
Hibernate: select recipe0_.id as id1_2_0_, recipe0_.category as category2_2_0_, recipe0_.date as date3_2_0_, recipe0_.description as descript4_2_0_, recipe0_.name as name5_2_0_, recipe0_.user_id as user_id6_2_0_, user1_.id as id1_3_1_, user1_.email as email2_3_1_, user1_.password as password3_3_1_, user1_.role as role4_3_1_ from recipes recipe0_ inner join user_access user1_ on recipe0_.user_id=user1_.id where recipe0_.id=?
Hibernate: select recipe0_.user_id as col_0_0_ from recipes recipe0_ where recipe0_.id=?
?[1;31m
Start test 70?[0m
Hibernate: select user0_.id as id1_3_, user0_.email as email2_3_, user0_.password as password3_3_, user0_.role as role4_3_ from user_access user0_ where user0_.email=?
?[1;31m
Start test 71?[0m
Hibernate: select user0_.id as id1_3_, user0_.email as email2_3_, user0_.password as password3_3_, user0_.role as role4_3_ from user_access user0_ where user0_.email=?
?[1;31m
Start test 72?[0m
Hibernate: select user0_.id as id1_3_, user0_.email as email2_3_, user0_.password as password3_3_, user0_.role as role4_3_ from user_access user0_ where user0_.email=?
?[1;31m
Start test 73?[0m
Hibernate: select user0_.id as id1_3_, user0_.email as email2_3_, user0_.password as password3_3_, user0_.role as role4_3_ from user_access user0_ where user0_.email=?
?[1;31m
Start test 74?[0m
Hibernate: select user0_.id as id1_3_, user0_.email as email2_3_, user0_.password as password3_3_, user0_.role as role4_3_ from user_access user0_ where user0_.email=?
?[1;31m
Start test 75?[0m
Hibernate: select user0_.id as id1_3_, user0_.email as email2_3_, user0_.password as password3_3_, user0_.role as role4_3_ from user_access user0_ where user0_.email=?
?[1;31m
Start test 76?[0m
?[1;31m
Start test 77?[0m
?[1;31m
Start test 78?[0m
?[1;31m
Start test 79?[0m
?[1;31m
Start test 80?[0m
?[1;31m
Start test 81?[0m
]]></system-out>
  <system-err><![CDATA[]]></system-err>
</testsuite>
